Using pre-set license
Built from '2021.3/staging' branch; Version is '2021.3.25f1 (68ef2c4f8861) revision 6876972'; Using compiler version '192829333'; Build Type 'Release'
OS: 'Windows 10  (10.0.19045) 64bit Core' Language: 'en' Physical Memory: 32672 MB
BatchMode: 1, IsHumanControllingUs: 0, StartBugReporterOnCrash: 0, Is64bit: 1, IsPro: 1

COMMAND LINE ARGUMENTS:
D:\Unity\Versions\2021.3.25f1\Editor\Unity.exe
-adb2
-batchMode
-noUpm
-name
AssetImportWorker16
-projectPath
C:/Users/benja/OneDrive/Documents/GitHub/caliPortfolio/Portfolio
-logFile
Logs/AssetImportWorker16.log
-srvPort
50325
Successfully changed project path to: C:/Users/benja/OneDrive/Documents/GitHub/caliPortfolio/Portfolio
C:/Users/benja/OneDrive/Documents/GitHub/caliPortfolio/Portfolio
[UnityMemory] Configuration Parameters - Can be set up in boot.config
    "memorysetup-bucket-allocator-granularity=16"
    "memorysetup-bucket-allocator-bucket-count=8"
    "memorysetup-bucket-allocator-block-size=33554432"
    "memorysetup-bucket-allocator-block-count=8"
    "memorysetup-main-allocator-block-size=16777216"
    "memorysetup-thread-allocator-block-size=16777216"
    "memorysetup-gfx-main-allocator-block-size=16777216"
    "memorysetup-gfx-thread-allocator-block-size=16777216"
    "memorysetup-cache-allocator-block-size=4194304"
    "memorysetup-typetree-allocator-block-size=2097152"
    "memorysetup-profiler-bucket-allocator-granularity=16"
    "memorysetup-profiler-bucket-allocator-bucket-count=8"
    "memorysetup-profiler-bucket-allocator-block-size=33554432"
    "memorysetup-profiler-bucket-allocator-block-count=8"
    "memorysetup-profiler-allocator-block-size=16777216"
    "memorysetup-profiler-editor-allocator-block-size=1048576"
    "memorysetup-temp-allocator-size-main=16777216"
    "memorysetup-job-temp-allocator-block-size=2097152"
    "memorysetup-job-temp-allocator-block-size-background=1048576"
    "memorysetup-job-temp-allocator-reduction-small-platforms=262144"
    "memorysetup-temp-allocator-size-background-worker=32768"
    "memorysetup-temp-allocator-size-job-worker=262144"
    "memorysetup-temp-allocator-size-preload-manager=33554432"
    "memorysetup-temp-allocator-size-nav-mesh-worker=65536"
    "memorysetup-temp-allocator-size-audio-worker=65536"
    "memorysetup-temp-allocator-size-cloud-worker=32768"
    "memorysetup-temp-allocator-size-gi-baking-worker=262144"
    "memorysetup-temp-allocator-size-gfx=262144"
Player connection [28268] Host "[IP] 192.168.0.25 [Port] 0 [Flags] 2 [Guid] 1589235434 [EditorId] 1589235434 [Version] 1048832 [Id] WindowsEditor(7,DESKTOP-OUAALTE) [Debug] 1 [PackageName] WindowsEditor [ProjectName] Editor" joined multi-casting on [225.0.0.222:54997]...

Player connection [28268] Host "[IP] 192.168.0.25 [Port] 0 [Flags] 2 [Guid] 1589235434 [EditorId] 1589235434 [Version] 1048832 [Id] WindowsEditor(7,DESKTOP-OUAALTE) [Debug] 1 [PackageName] WindowsEditor [ProjectName] Editor" joined alternative multi-casting on [225.0.0.222:34997]...

Refreshing native plugins compatible for Editor in 89.76 ms, found 3 plugins.
Preloading 0 native plugins for Editor in 0.00 ms.
Initialize engine version: 2021.3.25f1 (68ef2c4f8861)
[Subsystems] Discovering subsystems at path D:/Unity/Versions/2021.3.25f1/Editor/Data/Resources/UnitySubsystems
[Subsystems] Discovering subsystems at path C:/Users/benja/OneDrive/Documents/GitHub/caliPortfolio/Portfolio/Assets
GfxDevice: creating device client; threaded=0; jobified=0
Direct3D:
    Version:  Direct3D 11.0 [level 11.1]
    Renderer: NVIDIA GeForce RTX 2080 SUPER (ID=0x1e81)
    Vendor:   NVIDIA
    VRAM:     8001 MB
    Driver:   31.0.15.3179
Initialize mono
Mono path[0] = 'D:/Unity/Versions/2021.3.25f1/Editor/Data/Managed'
Mono path[1] = 'D:/Unity/Versions/2021.3.25f1/Editor/Data/MonoBleedingEdge/lib/mono/unityjit-win32'
Mono config path = 'D:/Unity/Versions/2021.3.25f1/Editor/Data/MonoBleedingEdge/etc'
Using monoOptions --debugger-agent=transport=dt_socket,embedding=1,server=y,suspend=n,address=127.0.0.1:56888
Begin MonoManager ReloadAssembly
Registering precompiled unity dll's ...
Register platform support module: D:/Unity/Versions/2021.3.25f1/Editor/Data/PlaybackEngines/WebGLSupport/UnityEditor.WebGL.Extensions.dll
Register platform support module: D:/Unity/Versions/2021.3.25f1/Editor/Data/PlaybackEngines/AndroidPlayer/UnityEditor.Android.Extensions.dll
Register platform support module: D:/Unity/Versions/2021.3.25f1/Editor/Data/PlaybackEngines/iOSSupport/UnityEditor.iOS.Extensions.dll
Register platform support module: D:/Unity/Versions/2021.3.25f1/Editor/Data/PlaybackEngines/WindowsStandaloneSupport/UnityEditor.WindowsStandalone.Extensions.dll
Registered in 0.005655 seconds.
Native extension for WindowsStandalone target not found
[usbmuxd] Start listen thread
[usbmuxd] Listen thread started
Native extension for iOS target not found
Native extension for Android target not found
Android Extension - Scanning For ADB Devices 358 ms
Native extension for WebGL target not found
Refreshing native plugins compatible for Editor in 79.68 ms, found 3 plugins.
Preloading 0 native plugins for Editor in 0.00 ms.
Mono: successfully reloaded assembly
- Completed reload, in  1.083 seconds
Domain Reload Profiling:
	ReloadAssembly (1083ms)
		BeginReloadAssembly (123ms)
			ExecutionOrderSort (0ms)
			DisableScriptedObjects (0ms)
			BackupInstance (0ms)
			ReleaseScriptingObjects (0ms)
			CreateAndSetChildDomain (1ms)
		EndReloadAssembly (869ms)
			LoadAssemblies (124ms)
			RebuildTransferFunctionScriptingTraits (0ms)
			SetupTypeCache (105ms)
			ReleaseScriptCaches (0ms)
			RebuildScriptCaches (26ms)
			SetupLoadedEditorAssemblies (690ms)
				LogAssemblyErrors (0ms)
				InitializePlatformSupportModulesInManaged (466ms)
				SetLoadedEditorAssemblies (0ms)
				RefreshPlugins (80ms)
				BeforeProcessingInitializeOnLoad (1ms)
				ProcessInitializeOnLoadAttributes (98ms)
				ProcessInitializeOnLoadMethodAttributes (46ms)
				AfterProcessingInitializeOnLoad (0ms)
				EditorAssembliesLoaded (0ms)
			ExecutionOrderSort2 (0ms)
			AwakeInstancesAfterBackupRestoration (0ms)
Platform modules already initialized, skipping
Registering precompiled user dll's ...
Registered in 0.007562 seconds.
Begin MonoManager ReloadAssembly
Symbol file LoadedFromMemory doesn't match image C:\Users\benja\OneDrive\Documents\GitHub\caliPortfolio\Portfolio\Library\PackageCache\com.unity.visualscripting@1.8.0\Editor\VisualScripting.Core\Dependencies\YamlDotNet\Unity.VisualScripting.YamlDotNet.dll
Symbol file LoadedFromMemory doesn't match image C:\Users\benja\OneDrive\Documents\GitHub\caliPortfolio\Portfolio\Library\PackageCache\com.unity.visualscripting@1.8.0\Editor\VisualScripting.Core\Dependencies\DotNetZip\Unity.VisualScripting.IonicZip.dll
Native extension for WindowsStandalone target not found
Native extension for iOS target not found
Native extension for Android target not found
Native extension for WebGL target not found
Refreshing native plugins compatible for Editor in 1.09 ms, found 3 plugins.
Preloading 0 native plugins for Editor in 0.00 ms.
Mono: successfully reloaded assembly
- Completed reload, in  1.006 seconds
Domain Reload Profiling:
	ReloadAssembly (1007ms)
		BeginReloadAssembly (147ms)
			ExecutionOrderSort (0ms)
			DisableScriptedObjects (6ms)
			BackupInstance (0ms)
			ReleaseScriptingObjects (0ms)
			CreateAndSetChildDomain (21ms)
		EndReloadAssembly (756ms)
			LoadAssemblies (121ms)
			RebuildTransferFunctionScriptingTraits (0ms)
			SetupTypeCache (249ms)
			ReleaseScriptCaches (1ms)
			RebuildScriptCaches (45ms)
			SetupLoadedEditorAssemblies (323ms)
				LogAssemblyErrors (0ms)
				InitializePlatformSupportModulesInManaged (27ms)
				SetLoadedEditorAssemblies (0ms)
				RefreshPlugins (1ms)
				BeforeProcessingInitializeOnLoad (81ms)
				ProcessInitializeOnLoadAttributes (194ms)
				ProcessInitializeOnLoadMethodAttributes (16ms)
				AfterProcessingInitializeOnLoad (3ms)
				EditorAssembliesLoaded (0ms)
			ExecutionOrderSort2 (0ms)
			AwakeInstancesAfterBackupRestoration (9ms)
Platform modules already initialized, skipping
========================================================================
Worker process is ready to serve import requests
Launched and connected shader compiler UnityShaderCompiler.exe after 0.04 seconds
Refreshing native plugins compatible for Editor in 1.26 ms, found 3 plugins.
Preloading 0 native plugins for Editor in 0.00 ms.
Unloading 3079 Unused Serialized files (Serialized files now loaded: 0)
Unloading 24 unused Assets / (343.0 KB). Loaded Objects now: 3548.
Memory consumption went from 117.1 MB to 116.8 MB.
Total: 4.380100 ms (FindLiveObjects: 0.500300 ms CreateObjectMapping: 0.116500 ms MarkObjects: 3.590400 ms  DeleteObjects: 0.172000 ms)

AssetImportParameters requested are different than current active one (requested -> active):
  custom:video-decoder-ogg-theora: a1e56fd34408186e4bbccfd4996cb3dc -> 
  custom:container-muxer-webm: aa71ff27fc2769a1b78a27578f13a17b -> 
  custom:container-demuxer-webm: 4f35f7cbe854078d1ac9338744f61a02 -> 
  custom:video-encoder-webm-vp8: eb34c28f22e8b96e1ab97ce403110664 -> 
  custom:audio-encoder-webm-vorbis: bf7c407c2cedff20999df2af8eb42d56 -> 
  custom:framework-win-MediaFoundation: 216162199b28c13a410421893ffa2e32 -> 
  custom:container-demuxer-ogg: 62fdf1f143b41e24485cea50d1cbac27 -> 
  custom:video-decoder-webm-vp8: 9c59270c3fd7afecdb556c50c9e8de78 -> 
  custom:audio-decoder-ogg-vorbis: bf7c407c2cedff20999df2af8eb42d56 -> 
========================================================================
Received Import Request.
  Time since last request: 1403037.801621 seconds.
  path: Assets/creatureSFX/Witch/Witch_Dyeing_CH_1.flac
  artifactKey: Guid(0f4737d72d39d2d41a885f674a6be887) Importer(815301076,1909f56bfc062723c751e8b465ee728b)
Start importing Assets/creatureSFX/Witch/Witch_Dyeing_CH_1.flac using Guid(0f4737d72d39d2d41a885f674a6be887) Importer(815301076,1909f56bfc062723c751e8b465ee728b)  -> (artifact id: 'fd9483dc7f622efdb3f59456b0618f75') in 0.109441 seconds 
========================================================================
Received Import Request.
  Time since last request: 1.780351 seconds.
  path: Assets/creatureSFX/Slime/Slime_Dyeing_CH_1.flac
  artifactKey: Guid(eb4f22105898a914aa8d5ee325e4125d) Importer(815301076,1909f56bfc062723c751e8b465ee728b)
Start importing Assets/creatureSFX/Slime/Slime_Dyeing_CH_1.flac using Guid(eb4f22105898a914aa8d5ee325e4125d) Importer(815301076,1909f56bfc062723c751e8b465ee728b)  -> (artifact id: '415bd7527154a4efb3f5a0d11f0ac920') in 0.019561 seconds 
========================================================================
Received Import Request.
  Time since last request: 0.000023 seconds.
  path: Assets/creatureSFX/Slime/Slime_Laughing_CH_1.flac
  artifactKey: Guid(80ed7486aedd0de4d92ced37f52b4db1) Importer(815301076,1909f56bfc062723c751e8b465ee728b)
Start importing Assets/creatureSFX/Slime/Slime_Laughing_CH_1.flac using Guid(80ed7486aedd0de4d92ced37f52b4db1) Importer(815301076,1909f56bfc062723c751e8b465ee728b)  -> (artifact id: '379772cbaac8dcd4b2604ade74c47987') in 0.016341 seconds 
========================================================================
Received Import Request.
  Time since last request: 9.525157 seconds.
  path: Assets/creatureSFX/Rat/Rat_Dyeing_CH_1.flac
  artifactKey: Guid(5f527c9151e150249846e4f619d4791a) Importer(815301076,1909f56bfc062723c751e8b465ee728b)
Start importing Assets/creatureSFX/Rat/Rat_Dyeing_CH_1.flac using Guid(5f527c9151e150249846e4f619d4791a) Importer(815301076,1909f56bfc062723c751e8b465ee728b)  -> (artifact id: 'bf76e452f6c343d8293ba1fa8a22e2ea') in 0.014329 seconds 
========================================================================
Received Import Request.
  Time since last request: 0.000026 seconds.
  path: Assets/creatureSFX/Rat/Rat_Triumphant_CH_1.flac
  artifactKey: Guid(27715a9364e990847b4be818fbc4ff6b) Importer(815301076,1909f56bfc062723c751e8b465ee728b)
Start importing Assets/creatureSFX/Rat/Rat_Triumphant_CH_1.flac using Guid(27715a9364e990847b4be818fbc4ff6b) Importer(815301076,1909f56bfc062723c751e8b465ee728b)  -> (artifact id: '28bbe8f80bdbeec5b68e948ccc5d49cd') in 0.032437 seconds 
========================================================================
Received Import Request.
  Time since last request: 0.000019 seconds.
  path: Assets/creatureSFX/Rat/Rat_Sad_CH_1.flac
  artifactKey: Guid(50380381dff44bb4d94c808291776f7d) Importer(815301076,1909f56bfc062723c751e8b465ee728b)
Start importing Assets/creatureSFX/Rat/Rat_Sad_CH_1.flac using Guid(50380381dff44bb4d94c808291776f7d) Importer(815301076,1909f56bfc062723c751e8b465ee728b)  -> (artifact id: '47f6e463fb0a3864ecc40120f006048d') in 0.216536 seconds 
========================================================================
Received Import Request.
  Time since last request: 34.325290 seconds.
  path: Assets/creatureSFX/Cashier/Cashier_Dyeing_CH_1.flac
  artifactKey: Guid(27e836e51ccb5ef428f56839ab149ed1) Importer(815301076,1909f56bfc062723c751e8b465ee728b)
Start importing Assets/creatureSFX/Cashier/Cashier_Dyeing_CH_1.flac using Guid(27e836e51ccb5ef428f56839ab149ed1) Importer(815301076,1909f56bfc062723c751e8b465ee728b)  -> (artifact id: '4bdf4a173cc1f09a038c9495929a3dda') in 0.018025 seconds 
========================================================================
Received Import Request.
  Time since last request: 0.000018 seconds.
  path: Assets/creatureSFX/Cashier/Cashier_GoodPet_CH_1.flac
  artifactKey: Guid(0e45dac1b126f2f468731f15af476837) Importer(815301076,1909f56bfc062723c751e8b465ee728b)
Start importing Assets/creatureSFX/Cashier/Cashier_GoodPet_CH_1.flac using Guid(0e45dac1b126f2f468731f15af476837) Importer(815301076,1909f56bfc062723c751e8b465ee728b)  -> (artifact id: 'f48d32282dd64aebead8184f5938e063') in 0.018441 seconds 
========================================================================
Received Import Request.
  Time since last request: 0.000017 seconds.
  path: Assets/creatureSFX/Cashier/Cashier_Surprised_CH_1.flac
  artifactKey: Guid(584837aa8400ca34ca5f37c2d5aabf3e) Importer(815301076,1909f56bfc062723c751e8b465ee728b)
Start importing Assets/creatureSFX/Cashier/Cashier_Surprised_CH_1.flac using Guid(584837aa8400ca34ca5f37c2d5aabf3e) Importer(815301076,1909f56bfc062723c751e8b465ee728b)  -> (artifact id: '7309bf880afbd5634c70337bd82ee7a9') in 0.012317 seconds 
========================================================================
Received Import Request.
  Time since last request: 15.296729 seconds.
  path: Assets/creatureSFX/Bat/Bat_Dyeing_CH_1.flac
  artifactKey: Guid(dd628451f16b23d46a6108c4bf170a54) Importer(815301076,1909f56bfc062723c751e8b465ee728b)
Start importing Assets/creatureSFX/Bat/Bat_Dyeing_CH_1.flac using Guid(dd628451f16b23d46a6108c4bf170a54) Importer(815301076,1909f56bfc062723c751e8b465ee728b)  -> (artifact id: '19b7c6f8dcf3abdba4cbb0c3a1ad0fc4') in 0.029805 seconds 
========================================================================
Received Import Request.
  Time since last request: 0.000028 seconds.
  path: Assets/creatureSFX/Bat/Bat_Triumphant_CH_1.flac
  artifactKey: Guid(522ffd08574e7c641b87f3ec5fd8c0bf) Importer(815301076,1909f56bfc062723c751e8b465ee728b)
Start importing Assets/creatureSFX/Bat/Bat_Triumphant_CH_1.flac using Guid(522ffd08574e7c641b87f3ec5fd8c0bf) Importer(815301076,1909f56bfc062723c751e8b465ee728b)  -> (artifact id: '7828df2dbf91170f7aee5a7af153f74f') in 0.025513 seconds 
========================================================================
Received Import Request.
  Time since last request: 0.000018 seconds.
  path: Assets/creatureSFX/Bat/Bat_Scared_CH_1.flac
  artifactKey: Guid(f3108a6e432f2da458195b18daefa33d) Importer(815301076,1909f56bfc062723c751e8b465ee728b)
Start importing Assets/creatureSFX/Bat/Bat_Scared_CH_1.flac using Guid(f3108a6e432f2da458195b18daefa33d) Importer(815301076,1909f56bfc062723c751e8b465ee728b)  -> (artifact id: '5e51b6cc17333ceee8b34a167efc73cc') in 0.022049 seconds 
========================================================================
Received Import Request.
  Time since last request: 15.117531 seconds.
  path: Assets/creatureSFX/Clown/Clown_Dyeing_CH_1.flac
  artifactKey: Guid(b6973194505b03b47843c56e15233707) Importer(815301076,1909f56bfc062723c751e8b465ee728b)
Start importing Assets/creatureSFX/Clown/Clown_Dyeing_CH_1.flac using Guid(b6973194505b03b47843c56e15233707) Importer(815301076,1909f56bfc062723c751e8b465ee728b)  -> (artifact id: 'f42f1d946cd4f1b1387103ed4e36feae') in 0.016902 seconds 
========================================================================
Received Import Request.
  Time since last request: 0.000029 seconds.
  path: Assets/creatureSFX/Clown/Clown_Taunt_CH_1.flac
  artifactKey: Guid(32d354c5f57f01748b7c2ea358916f8e) Importer(815301076,1909f56bfc062723c751e8b465ee728b)
Start importing Assets/creatureSFX/Clown/Clown_Taunt_CH_1.flac using Guid(32d354c5f57f01748b7c2ea358916f8e) Importer(815301076,1909f56bfc062723c751e8b465ee728b)  -> (artifact id: '7cc805617213b6074fef0b322a8c7669') in 0.014905 seconds 
========================================================================
Received Import Request.
  Time since last request: 0.000134 seconds.
  path: Assets/creatureSFX/Clown/Clown_Scared_CH_1.flac
  artifactKey: Guid(957250a1604cc0542a02dd505cce7862) Importer(815301076,1909f56bfc062723c751e8b465ee728b)
Start importing Assets/creatureSFX/Clown/Clown_Scared_CH_1.flac using Guid(957250a1604cc0542a02dd505cce7862) Importer(815301076,1909f56bfc062723c751e8b465ee728b)  -> (artifact id: '26ac29234c61cabc4b83e4bf2f2c4e11') in 0.021725 seconds 
========================================================================
Received Import Request.
  Time since last request: 6.717183 seconds.
  path: Assets/creatureSFX/Dracula/Dracula_Disgusted_CH_1.flac
  artifactKey: Guid(b5ba817919b1ffc4c8d46ed1df7ab4c6) Importer(815301076,1909f56bfc062723c751e8b465ee728b)
Start importing Assets/creatureSFX/Dracula/Dracula_Disgusted_CH_1.flac using Guid(b5ba817919b1ffc4c8d46ed1df7ab4c6) Importer(815301076,1909f56bfc062723c751e8b465ee728b)  -> (artifact id: '1b672d681dd28f2726fb70e0b4e1d33a') in 0.019474 seconds 
========================================================================
Received Import Request.
  Time since last request: 0.000030 seconds.
  path: Assets/creatureSFX/Dracula/Dracula_Sad_CH_1.flac
  artifactKey: Guid(09f33f282f7ae6e4aab2f9b8c310df35) Importer(815301076,1909f56bfc062723c751e8b465ee728b)
Start importing Assets/creatureSFX/Dracula/Dracula_Sad_CH_1.flac using Guid(09f33f282f7ae6e4aab2f9b8c310df35) Importer(815301076,1909f56bfc062723c751e8b465ee728b)  -> (artifact id: 'b29607ac2d21715b01127203720d9a01') in 0.025361 seconds 
========================================================================
Received Import Request.
  Time since last request: 0.000022 seconds.
  path: Assets/creatureSFX/Dracula/Dracula_Laughing_CH_1.flac
  artifactKey: Guid(248f7f83905e726428171abfa8fea3fd) Importer(815301076,1909f56bfc062723c751e8b465ee728b)
Start importing Assets/creatureSFX/Dracula/Dracula_Laughing_CH_1.flac using Guid(248f7f83905e726428171abfa8fea3fd) Importer(815301076,1909f56bfc062723c751e8b465ee728b)  -> (artifact id: 'c35a9bf542961d2b0f5e81a0570bfcb6') in 0.018703 seconds 
========================================================================
Received Import Request.
  Time since last request: 15.671965 seconds.
  path: Assets/creatureSFX/Skeleton/Skeleton_Dyeing_CH_1.flac
  artifactKey: Guid(0469107e1c5a9a045abcbcbd3b8b08a7) Importer(815301076,1909f56bfc062723c751e8b465ee728b)
Start importing Assets/creatureSFX/Skeleton/Skeleton_Dyeing_CH_1.flac using Guid(0469107e1c5a9a045abcbcbd3b8b08a7) Importer(815301076,1909f56bfc062723c751e8b465ee728b)  -> (artifact id: '61a8f581199bd9ffe0f27025e65aff5c') in 0.018220 seconds 
========================================================================
Received Import Request.
  Time since last request: 0.000017 seconds.
  path: Assets/creatureSFX/Skeleton/Skeleton_Surprised_CH_1.flac
  artifactKey: Guid(9f4f8282bbb623149a651a7d2bd90873) Importer(815301076,1909f56bfc062723c751e8b465ee728b)
Start importing Assets/creatureSFX/Skeleton/Skeleton_Surprised_CH_1.flac using Guid(9f4f8282bbb623149a651a7d2bd90873) Importer(815301076,1909f56bfc062723c751e8b465ee728b)  -> (artifact id: '06888e54417cf27987326058fb56b0f5') in 0.018942 seconds 
========================================================================
Received Import Request.
  Time since last request: 0.000018 seconds.
  path: Assets/creatureSFX/Skeleton/Skeleton_Laughing_CH_1.flac
  artifactKey: Guid(2bb2e6a637c41fc428c79b47519ca7df) Importer(815301076,1909f56bfc062723c751e8b465ee728b)
Start importing Assets/creatureSFX/Skeleton/Skeleton_Laughing_CH_1.flac using Guid(2bb2e6a637c41fc428c79b47519ca7df) Importer(815301076,1909f56bfc062723c751e8b465ee728b)  -> (artifact id: '9a19be3b55afb3d5e6318fb1ccaee3de') in 0.015608 seconds 
Editor requested this worker to shutdown with reason: Scaling down because of idle timeout
AssetImportWorker is now disconnected from the server
Process exiting
Exiting without the bug reporter. Application will terminate with return code 0