Using pre-set license
Built from '2021.3/staging' branch; Version is '2021.3.25f1 (68ef2c4f8861) revision 6876972'; Using compiler version '192829333'; Build Type 'Release'
OS: 'Windows 10  (10.0.19045) 64bit Core' Language: 'en' Physical Memory: 32672 MB
BatchMode: 1, IsHumanControllingUs: 0, StartBugReporterOnCrash: 0, Is64bit: 1, IsPro: 1

COMMAND LINE ARGUMENTS:
D:\Unity\Versions\2021.3.25f1\Editor\Unity.exe
-adb2
-batchMode
-noUpm
-name
AssetImportWorker17
-projectPath
C:/Users/benja/OneDrive/Documents/GitHub/caliPortfolio/Portfolio
-logFile
Logs/AssetImportWorker17.log
-srvPort
50325
Successfully changed project path to: C:/Users/benja/OneDrive/Documents/GitHub/caliPortfolio/Portfolio
C:/Users/benja/OneDrive/Documents/GitHub/caliPortfolio/Portfolio
[UnityMemory] Configuration Parameters - Can be set up in boot.config
    "memorysetup-bucket-allocator-granularity=16"
    "memorysetup-bucket-allocator-bucket-count=8"
    "memorysetup-bucket-allocator-block-size=33554432"
    "memorysetup-bucket-allocator-block-count=8"
    "memorysetup-main-allocator-block-size=16777216"
    "memorysetup-thread-allocator-block-size=16777216"
    "memorysetup-gfx-main-allocator-block-size=16777216"
    "memorysetup-gfx-thread-allocator-block-size=16777216"
    "memorysetup-cache-allocator-block-size=4194304"
    "memorysetup-typetree-allocator-block-size=2097152"
    "memorysetup-profiler-bucket-allocator-granularity=16"
    "memorysetup-profiler-bucket-allocator-bucket-count=8"
    "memorysetup-profiler-bucket-allocator-block-size=33554432"
    "memorysetup-profiler-bucket-allocator-block-count=8"
    "memorysetup-profiler-allocator-block-size=16777216"
    "memorysetup-profiler-editor-allocator-block-size=1048576"
    "memorysetup-temp-allocator-size-main=16777216"
    "memorysetup-job-temp-allocator-block-size=2097152"
    "memorysetup-job-temp-allocator-block-size-background=1048576"
    "memorysetup-job-temp-allocator-reduction-small-platforms=262144"
    "memorysetup-temp-allocator-size-background-worker=32768"
    "memorysetup-temp-allocator-size-job-worker=262144"
    "memorysetup-temp-allocator-size-preload-manager=33554432"
    "memorysetup-temp-allocator-size-nav-mesh-worker=65536"
    "memorysetup-temp-allocator-size-audio-worker=65536"
    "memorysetup-temp-allocator-size-cloud-worker=32768"
    "memorysetup-temp-allocator-size-gi-baking-worker=262144"
    "memorysetup-temp-allocator-size-gfx=262144"
Player connection [16324] Host "[IP] 192.168.0.25 [Port] 0 [Flags] 2 [Guid] 3989793679 [EditorId] 3989793679 [Version] 1048832 [Id] WindowsEditor(7,DESKTOP-OUAALTE) [Debug] 1 [PackageName] WindowsEditor [ProjectName] Editor" joined multi-casting on [225.0.0.222:54997]...

Player connection [16324] Host "[IP] 192.168.0.25 [Port] 0 [Flags] 2 [Guid] 3989793679 [EditorId] 3989793679 [Version] 1048832 [Id] WindowsEditor(7,DESKTOP-OUAALTE) [Debug] 1 [PackageName] WindowsEditor [ProjectName] Editor" joined alternative multi-casting on [225.0.0.222:34997]...

Refreshing native plugins compatible for Editor in 83.20 ms, found 3 plugins.
Preloading 0 native plugins for Editor in 0.00 ms.
Initialize engine version: 2021.3.25f1 (68ef2c4f8861)
[Subsystems] Discovering subsystems at path D:/Unity/Versions/2021.3.25f1/Editor/Data/Resources/UnitySubsystems
[Subsystems] Discovering subsystems at path C:/Users/benja/OneDrive/Documents/GitHub/caliPortfolio/Portfolio/Assets
GfxDevice: creating device client; threaded=0; jobified=0
Direct3D:
    Version:  Direct3D 11.0 [level 11.1]
    Renderer: NVIDIA GeForce RTX 2080 SUPER (ID=0x1e81)
    Vendor:   NVIDIA
    VRAM:     8001 MB
    Driver:   31.0.15.3179
Initialize mono
Mono path[0] = 'D:/Unity/Versions/2021.3.25f1/Editor/Data/Managed'
Mono path[1] = 'D:/Unity/Versions/2021.3.25f1/Editor/Data/MonoBleedingEdge/lib/mono/unityjit-win32'
Mono config path = 'D:/Unity/Versions/2021.3.25f1/Editor/Data/MonoBleedingEdge/etc'
Using monoOptions --debugger-agent=transport=dt_socket,embedding=1,server=y,suspend=n,address=127.0.0.1:56932
Begin MonoManager ReloadAssembly
Registering precompiled unity dll's ...
Register platform support module: D:/Unity/Versions/2021.3.25f1/Editor/Data/PlaybackEngines/WebGLSupport/UnityEditor.WebGL.Extensions.dll
Register platform support module: D:/Unity/Versions/2021.3.25f1/Editor/Data/PlaybackEngines/AndroidPlayer/UnityEditor.Android.Extensions.dll
Register platform support module: D:/Unity/Versions/2021.3.25f1/Editor/Data/PlaybackEngines/iOSSupport/UnityEditor.iOS.Extensions.dll
Register platform support module: D:/Unity/Versions/2021.3.25f1/Editor/Data/PlaybackEngines/WindowsStandaloneSupport/UnityEditor.WindowsStandalone.Extensions.dll
Registered in 0.005237 seconds.
Native extension for WindowsStandalone target not found
[usbmuxd] Start listen thread
[usbmuxd] Listen thread started
Native extension for iOS target not found
Native extension for Android target not found
Android Extension - Scanning For ADB Devices 360 ms
Native extension for WebGL target not found
Refreshing native plugins compatible for Editor in 78.69 ms, found 3 plugins.
Preloading 0 native plugins for Editor in 0.00 ms.
Mono: successfully reloaded assembly
- Completed reload, in  1.084 seconds
Domain Reload Profiling:
	ReloadAssembly (1085ms)
		BeginReloadAssembly (121ms)
			ExecutionOrderSort (0ms)
			DisableScriptedObjects (0ms)
			BackupInstance (0ms)
			ReleaseScriptingObjects (0ms)
			CreateAndSetChildDomain (1ms)
		EndReloadAssembly (874ms)
			LoadAssemblies (122ms)
			RebuildTransferFunctionScriptingTraits (0ms)
			SetupTypeCache (105ms)
			ReleaseScriptCaches (0ms)
			RebuildScriptCaches (26ms)
			SetupLoadedEditorAssemblies (696ms)
				LogAssemblyErrors (0ms)
				InitializePlatformSupportModulesInManaged (470ms)
				SetLoadedEditorAssemblies (0ms)
				RefreshPlugins (79ms)
				BeforeProcessingInitializeOnLoad (1ms)
				ProcessInitializeOnLoadAttributes (100ms)
				ProcessInitializeOnLoadMethodAttributes (45ms)
				AfterProcessingInitializeOnLoad (0ms)
				EditorAssembliesLoaded (0ms)
			ExecutionOrderSort2 (0ms)
			AwakeInstancesAfterBackupRestoration (0ms)
Platform modules already initialized, skipping
Registering precompiled user dll's ...
Registered in 0.007337 seconds.
Begin MonoManager ReloadAssembly
Symbol file LoadedFromMemory doesn't match image C:\Users\benja\OneDrive\Documents\GitHub\caliPortfolio\Portfolio\Library\PackageCache\com.unity.visualscripting@1.8.0\Editor\VisualScripting.Core\Dependencies\YamlDotNet\Unity.VisualScripting.YamlDotNet.dll
Symbol file LoadedFromMemory doesn't match image C:\Users\benja\OneDrive\Documents\GitHub\caliPortfolio\Portfolio\Library\PackageCache\com.unity.visualscripting@1.8.0\Editor\VisualScripting.Core\Dependencies\DotNetZip\Unity.VisualScripting.IonicZip.dll
Native extension for WindowsStandalone target not found
Native extension for iOS target not found
Native extension for Android target not found
Native extension for WebGL target not found
Refreshing native plugins compatible for Editor in 0.76 ms, found 3 plugins.
Preloading 0 native plugins for Editor in 0.00 ms.
Mono: successfully reloaded assembly
- Completed reload, in  0.997 seconds
Domain Reload Profiling:
	ReloadAssembly (998ms)
		BeginReloadAssembly (148ms)
			ExecutionOrderSort (0ms)
			DisableScriptedObjects (6ms)
			BackupInstance (0ms)
			ReleaseScriptingObjects (0ms)
			CreateAndSetChildDomain (21ms)
		EndReloadAssembly (743ms)
			LoadAssemblies (123ms)
			RebuildTransferFunctionScriptingTraits (0ms)
			SetupTypeCache (240ms)
			ReleaseScriptCaches (1ms)
			RebuildScriptCaches (44ms)
			SetupLoadedEditorAssemblies (321ms)
				LogAssemblyErrors (0ms)
				InitializePlatformSupportModulesInManaged (27ms)
				SetLoadedEditorAssemblies (0ms)
				RefreshPlugins (1ms)
				BeforeProcessingInitializeOnLoad (77ms)
				ProcessInitializeOnLoadAttributes (196ms)
				ProcessInitializeOnLoadMethodAttributes (17ms)
				AfterProcessingInitializeOnLoad (3ms)
				EditorAssembliesLoaded (0ms)
			ExecutionOrderSort2 (0ms)
			AwakeInstancesAfterBackupRestoration (6ms)
Platform modules already initialized, skipping
========================================================================
Worker process is ready to serve import requests
Launched and connected shader compiler UnityShaderCompiler.exe after 0.04 seconds
Refreshing native plugins compatible for Editor in 1.18 ms, found 3 plugins.
Preloading 0 native plugins for Editor in 0.00 ms.
Unloading 3079 Unused Serialized files (Serialized files now loaded: 0)
Unloading 24 unused Assets / (343.0 KB). Loaded Objects now: 3548.
Memory consumption went from 117.1 MB to 116.8 MB.
Total: 4.549400 ms (FindLiveObjects: 0.526000 ms CreateObjectMapping: 0.163600 ms MarkObjects: 3.686000 ms  DeleteObjects: 0.172400 ms)

AssetImportParameters requested are different than current active one (requested -> active):
  custom:video-decoder-ogg-theora: a1e56fd34408186e4bbccfd4996cb3dc -> 
  custom:container-muxer-webm: aa71ff27fc2769a1b78a27578f13a17b -> 
  custom:container-demuxer-webm: 4f35f7cbe854078d1ac9338744f61a02 -> 
  custom:video-encoder-webm-vp8: eb34c28f22e8b96e1ab97ce403110664 -> 
  custom:audio-encoder-webm-vorbis: bf7c407c2cedff20999df2af8eb42d56 -> 
  custom:framework-win-MediaFoundation: 216162199b28c13a410421893ffa2e32 -> 
  custom:container-demuxer-ogg: 62fdf1f143b41e24485cea50d1cbac27 -> 
  custom:video-decoder-webm-vp8: 9c59270c3fd7afecdb556c50c9e8de78 -> 
  custom:audio-decoder-ogg-vorbis: bf7c407c2cedff20999df2af8eb42d56 -> 
========================================================================
Received Import Request.
  Time since last request: 1403037.801428 seconds.
  path: Assets/creatureSFX/Witch/Witch_BadPet_CH_1.flac
  artifactKey: Guid(018587ee3b13da54290cbe59101d0131) Importer(815301076,1909f56bfc062723c751e8b465ee728b)
Start importing Assets/creatureSFX/Witch/Witch_BadPet_CH_1.flac using Guid(018587ee3b13da54290cbe59101d0131) Importer(815301076,1909f56bfc062723c751e8b465ee728b)  -> (artifact id: '1a4152202c2233bcd726538525fa5fad') in 0.103870 seconds 
========================================================================
Received Import Request.
  Time since last request: 1.786007 seconds.
  path: Assets/creatureSFX/Slime/Slime_BadPet_CH_1.flac
  artifactKey: Guid(1dbfd8fc61316604b85bfe138a3fa9db) Importer(815301076,1909f56bfc062723c751e8b465ee728b)
Start importing Assets/creatureSFX/Slime/Slime_BadPet_CH_1.flac using Guid(1dbfd8fc61316604b85bfe138a3fa9db) Importer(815301076,1909f56bfc062723c751e8b465ee728b)  -> (artifact id: 'f92dc607cc5c63f8e5db0adb3f703b82') in 0.019738 seconds 
========================================================================
Received Import Request.
  Time since last request: 0.000018 seconds.
  path: Assets/creatureSFX/Slime/Slime_Sleeping_CH_1.flac
  artifactKey: Guid(6da80ddda1eb2044aa592dae5451e090) Importer(815301076,1909f56bfc062723c751e8b465ee728b)
Start importing Assets/creatureSFX/Slime/Slime_Sleeping_CH_1.flac using Guid(6da80ddda1eb2044aa592dae5451e090) Importer(815301076,1909f56bfc062723c751e8b465ee728b)  -> (artifact id: '3ac04ccbe35ac2e0cbf6f88056c1a9bb') in 0.015539 seconds 
========================================================================
Received Import Request.
  Time since last request: 0.000021 seconds.
  path: Assets/creatureSFX/Slime/Slime_GoodPet_CH_1.flac
  artifactKey: Guid(d3051b9851c60e6498aff9f078d98f37) Importer(815301076,1909f56bfc062723c751e8b465ee728b)
Start importing Assets/creatureSFX/Slime/Slime_GoodPet_CH_1.flac using Guid(d3051b9851c60e6498aff9f078d98f37) Importer(815301076,1909f56bfc062723c751e8b465ee728b)  -> (artifact id: '9a70a4447096d01f66dbc7f737aa8855') in 0.014866 seconds 
========================================================================
Received Import Request.
  Time since last request: 9.506946 seconds.
  path: Assets/creatureSFX/Rat/Rat_BadPet_CH_1.flac
  artifactKey: Guid(48329dec24b40d84687fd527f603d447) Importer(815301076,1909f56bfc062723c751e8b465ee728b)
Start importing Assets/creatureSFX/Rat/Rat_BadPet_CH_1.flac using Guid(48329dec24b40d84687fd527f603d447) Importer(815301076,1909f56bfc062723c751e8b465ee728b)  -> (artifact id: 'eea596ad62a1c5ccc4052348baa4c01b') in 0.063420 seconds 
========================================================================
Received Import Request.
  Time since last request: 0.000025 seconds.
  path: Assets/creatureSFX/Rat/Rat_Surprised_CH_1.flac
  artifactKey: Guid(a04dfbc8018ee574abb5eaa307a1f016) Importer(815301076,1909f56bfc062723c751e8b465ee728b)
Start importing Assets/creatureSFX/Rat/Rat_Surprised_CH_1.flac using Guid(a04dfbc8018ee574abb5eaa307a1f016) Importer(815301076,1909f56bfc062723c751e8b465ee728b)  -> (artifact id: 'c922b5581e426f1da6b538d19596a153') in 0.205834 seconds 
========================================================================
Received Import Request.
  Time since last request: 34.322935 seconds.
  path: Assets/creatureSFX/Cashier/Cashier_BadPet_CH_1.flac
  artifactKey: Guid(7ca5345974515504db77861ccbac0a6f) Importer(815301076,1909f56bfc062723c751e8b465ee728b)
Start importing Assets/creatureSFX/Cashier/Cashier_BadPet_CH_1.flac using Guid(7ca5345974515504db77861ccbac0a6f) Importer(815301076,1909f56bfc062723c751e8b465ee728b)  -> (artifact id: '1e2bebf6789b0a73df6bfea9c2f08676') in 0.017240 seconds 
========================================================================
Received Import Request.
  Time since last request: 0.000020 seconds.
  path: Assets/creatureSFX/Cashier/Cashier_Triumphant_CH_1.flac
  artifactKey: Guid(3eb5db47d9d34ca4bb974b045596b24c) Importer(815301076,1909f56bfc062723c751e8b465ee728b)
Start importing Assets/creatureSFX/Cashier/Cashier_Triumphant_CH_1.flac using Guid(3eb5db47d9d34ca4bb974b045596b24c) Importer(815301076,1909f56bfc062723c751e8b465ee728b)  -> (artifact id: '1ba784d3ecf237b33e9eeb892d9b23fe') in 0.018778 seconds 
========================================================================
Received Import Request.
  Time since last request: 15.312406 seconds.
  path: Assets/creatureSFX/Bat/Bat_BadPet_CH_1.flac
  artifactKey: Guid(26eec1333b8a609439ad13e697b55549) Importer(815301076,1909f56bfc062723c751e8b465ee728b)
Start importing Assets/creatureSFX/Bat/Bat_BadPet_CH_1.flac using Guid(26eec1333b8a609439ad13e697b55549) Importer(815301076,1909f56bfc062723c751e8b465ee728b)  -> (artifact id: '83583e5b62bdfddcf3f8bc6698fe92c9') in 0.044898 seconds 
========================================================================
Received Import Request.
  Time since last request: 0.000017 seconds.
  path: Assets/creatureSFX/Bat/Bat_Hurt_CH_1.flac
  artifactKey: Guid(eead294f3fdae334dbedccd217d53288) Importer(815301076,1909f56bfc062723c751e8b465ee728b)
Start importing Assets/creatureSFX/Bat/Bat_Hurt_CH_1.flac using Guid(eead294f3fdae334dbedccd217d53288) Importer(815301076,1909f56bfc062723c751e8b465ee728b)  -> (artifact id: '5e2f39c265f70dba78a9d858ad4ae997') in 0.035877 seconds 
========================================================================
Received Import Request.
  Time since last request: 15.119610 seconds.
  path: Assets/creatureSFX/Clown/Clown_BadPet_CH_1.flac
  artifactKey: Guid(7fb1de4b7a0dcf34895b22712533214c) Importer(815301076,1909f56bfc062723c751e8b465ee728b)
Start importing Assets/creatureSFX/Clown/Clown_BadPet_CH_1.flac using Guid(7fb1de4b7a0dcf34895b22712533214c) Importer(815301076,1909f56bfc062723c751e8b465ee728b)  -> (artifact id: '58047256691e8330343750bba595d973') in 0.017886 seconds 
========================================================================
Received Import Request.
  Time since last request: 0.000034 seconds.
  path: Assets/creatureSFX/Clown/Clown_Hurt_CH_1.flac
  artifactKey: Guid(1d8b7d27987f3994c960fee94485f666) Importer(815301076,1909f56bfc062723c751e8b465ee728b)
Start importing Assets/creatureSFX/Clown/Clown_Hurt_CH_1.flac using Guid(1d8b7d27987f3994c960fee94485f666) Importer(815301076,1909f56bfc062723c751e8b465ee728b)  -> (artifact id: '8554cc4cbbce3a2c601ee9731d82c201') in 0.025399 seconds 
========================================================================
Received Import Request.
  Time since last request: 0.000018 seconds.
  path: Assets/creatureSFX/Clown/Clown_Grunt_CH_1.flac
  artifactKey: Guid(d574a0efdb42783409eec7f035754e1a) Importer(815301076,1909f56bfc062723c751e8b465ee728b)
Start importing Assets/creatureSFX/Clown/Clown_Grunt_CH_1.flac using Guid(d574a0efdb42783409eec7f035754e1a) Importer(815301076,1909f56bfc062723c751e8b465ee728b)  -> (artifact id: 'c9e2871ae7ab080ed3c646acd0232278') in 0.016360 seconds 
========================================================================
Received Import Request.
  Time since last request: 6.712195 seconds.
  path: Assets/creatureSFX/Dracula/Dracula_Attack_CH_1.flac
  artifactKey: Guid(9a4bbc6a8866caa4db8e478fb3c77477) Importer(815301076,1909f56bfc062723c751e8b465ee728b)
Start importing Assets/creatureSFX/Dracula/Dracula_Attack_CH_1.flac using Guid(9a4bbc6a8866caa4db8e478fb3c77477) Importer(815301076,1909f56bfc062723c751e8b465ee728b)  -> (artifact id: '012d1f9e090d21e13f2a32b5adafc690') in 0.015944 seconds 
========================================================================
Received Import Request.
  Time since last request: 0.000021 seconds.
  path: Assets/creatureSFX/Dracula/Dracula_Eating_CH_1.flac
  artifactKey: Guid(a5b7709c44e552f428f6c1d3448d9cd7) Importer(815301076,1909f56bfc062723c751e8b465ee728b)
Start importing Assets/creatureSFX/Dracula/Dracula_Eating_CH_1.flac using Guid(a5b7709c44e552f428f6c1d3448d9cd7) Importer(815301076,1909f56bfc062723c751e8b465ee728b)  -> (artifact id: '44a35353a30e3b640380ea1c6e71cb9f') in 0.014598 seconds 
========================================================================
Received Import Request.
  Time since last request: 0.000029 seconds.
  path: Assets/creatureSFX/Dracula/Dracula_GoodPet_CH_1.flac
  artifactKey: Guid(9de52b5379885944d9c0443ca6a940e2) Importer(815301076,1909f56bfc062723c751e8b465ee728b)
Start importing Assets/creatureSFX/Dracula/Dracula_GoodPet_CH_1.flac using Guid(9de52b5379885944d9c0443ca6a940e2) Importer(815301076,1909f56bfc062723c751e8b465ee728b)  -> (artifact id: 'fa70d87eb03a207384945368a231fbce') in 0.026706 seconds 
========================================================================
Received Import Request.
  Time since last request: 15.677778 seconds.
  path: Assets/creatureSFX/Skeleton/Skeleton_BadPet_CH_1.flac
  artifactKey: Guid(51460224ad4cdb347ba0f0ec728e079f) Importer(815301076,1909f56bfc062723c751e8b465ee728b)
Start importing Assets/creatureSFX/Skeleton/Skeleton_BadPet_CH_1.flac using Guid(51460224ad4cdb347ba0f0ec728e079f) Importer(815301076,1909f56bfc062723c751e8b465ee728b)  -> (artifact id: 'e4e48e016a64ef800786e976634b33f0') in 0.017890 seconds 
========================================================================
Received Import Request.
  Time since last request: 0.000021 seconds.
  path: Assets/creatureSFX/Skeleton/Skeleton_Grunt_CH_1.flac
  artifactKey: Guid(b036db95d25a8b24080440fb74d54a6c) Importer(815301076,1909f56bfc062723c751e8b465ee728b)
Start importing Assets/creatureSFX/Skeleton/Skeleton_Grunt_CH_1.flac using Guid(b036db95d25a8b24080440fb74d54a6c) Importer(815301076,1909f56bfc062723c751e8b465ee728b)  -> (artifact id: '2d4ae02cc67b94fd141cb8e586efafed') in 0.016892 seconds 
========================================================================
Received Import Request.
  Time since last request: 0.000033 seconds.
  path: Assets/creatureSFX/Skeleton/Skeleton_Taunt_CH_1.flac
  artifactKey: Guid(ea08275627faeb8439e2bf9727316230) Importer(815301076,1909f56bfc062723c751e8b465ee728b)
Start importing Assets/creatureSFX/Skeleton/Skeleton_Taunt_CH_1.flac using Guid(ea08275627faeb8439e2bf9727316230) Importer(815301076,1909f56bfc062723c751e8b465ee728b)  -> (artifact id: 'c884064b7dcbf6248488fa52809594bd') in 0.015592 seconds 
Editor requested this worker to shutdown with reason: Scaling down because of idle timeout
AssetImportWorker is now disconnected from the server
Process exiting
Exiting without the bug reporter. Application will terminate with return code 0