Using pre-set license
Built from '2021.3/staging' branch; Version is '2021.3.25f1 (68ef2c4f8861) revision 6876972'; Using compiler version '192829333'; Build Type 'Release'
OS: 'Windows 10  (10.0.19045) 64bit Core' Language: 'en' Physical Memory: 32672 MB
BatchMode: 1, IsHumanControllingUs: 0, StartBugReporterOnCrash: 0, Is64bit: 1, IsPro: 1

COMMAND LINE ARGUMENTS:
D:\Unity\Versions\2021.3.25f1\Editor\Unity.exe
-adb2
-batchMode
-noUpm
-name
AssetImportWorker2
-projectPath
C:/Users/benja/OneDrive/Documents/GitHub/caliPortfolio/Portfolio
-logFile
Logs/AssetImportWorker2.log
-srvPort
50325
Successfully changed project path to: C:/Users/benja/OneDrive/Documents/GitHub/caliPortfolio/Portfolio
C:/Users/benja/OneDrive/Documents/GitHub/caliPortfolio/Portfolio
[UnityMemory] Configuration Parameters - Can be set up in boot.config
    "memorysetup-bucket-allocator-granularity=16"
    "memorysetup-bucket-allocator-bucket-count=8"
    "memorysetup-bucket-allocator-block-size=33554432"
    "memorysetup-bucket-allocator-block-count=8"
    "memorysetup-main-allocator-block-size=16777216"
    "memorysetup-thread-allocator-block-size=16777216"
    "memorysetup-gfx-main-allocator-block-size=16777216"
    "memorysetup-gfx-thread-allocator-block-size=16777216"
    "memorysetup-cache-allocator-block-size=4194304"
    "memorysetup-typetree-allocator-block-size=2097152"
    "memorysetup-profiler-bucket-allocator-granularity=16"
    "memorysetup-profiler-bucket-allocator-bucket-count=8"
    "memorysetup-profiler-bucket-allocator-block-size=33554432"
    "memorysetup-profiler-bucket-allocator-block-count=8"
    "memorysetup-profiler-allocator-block-size=16777216"
    "memorysetup-profiler-editor-allocator-block-size=1048576"
    "memorysetup-temp-allocator-size-main=16777216"
    "memorysetup-job-temp-allocator-block-size=2097152"
    "memorysetup-job-temp-allocator-block-size-background=1048576"
    "memorysetup-job-temp-allocator-reduction-small-platforms=262144"
    "memorysetup-temp-allocator-size-background-worker=32768"
    "memorysetup-temp-allocator-size-job-worker=262144"
    "memorysetup-temp-allocator-size-preload-manager=33554432"
    "memorysetup-temp-allocator-size-nav-mesh-worker=65536"
    "memorysetup-temp-allocator-size-audio-worker=65536"
    "memorysetup-temp-allocator-size-cloud-worker=32768"
    "memorysetup-temp-allocator-size-gi-baking-worker=262144"
    "memorysetup-temp-allocator-size-gfx=262144"
Player connection [38552] Host "[IP] 192.168.0.25 [Port] 0 [Flags] 2 [Guid] 3138562839 [EditorId] 3138562839 [Version] 1048832 [Id] WindowsEditor(7,DESKTOP-OUAALTE) [Debug] 1 [PackageName] WindowsEditor [ProjectName] Editor" joined multi-casting on [225.0.0.222:54997]...

Player connection [38552] Host "[IP] 192.168.0.25 [Port] 0 [Flags] 2 [Guid] 3138562839 [EditorId] 3138562839 [Version] 1048832 [Id] WindowsEditor(7,DESKTOP-OUAALTE) [Debug] 1 [PackageName] WindowsEditor [ProjectName] Editor" joined alternative multi-casting on [225.0.0.222:34997]...

Refreshing native plugins compatible for Editor in 78.62 ms, found 3 plugins.
Preloading 0 native plugins for Editor in 0.00 ms.
Initialize engine version: 2021.3.25f1 (68ef2c4f8861)
[Subsystems] Discovering subsystems at path D:/Unity/Versions/2021.3.25f1/Editor/Data/Resources/UnitySubsystems
[Subsystems] Discovering subsystems at path C:/Users/benja/OneDrive/Documents/GitHub/caliPortfolio/Portfolio/Assets
GfxDevice: creating device client; threaded=0; jobified=0
Direct3D:
    Version:  Direct3D 11.0 [level 11.1]
    Renderer: NVIDIA GeForce RTX 2080 SUPER (ID=0x1e81)
    Vendor:   NVIDIA
    VRAM:     8001 MB
    Driver:   31.0.15.3179
Initialize mono
Mono path[0] = 'D:/Unity/Versions/2021.3.25f1/Editor/Data/Managed'
Mono path[1] = 'D:/Unity/Versions/2021.3.25f1/Editor/Data/MonoBleedingEdge/lib/mono/unityjit-win32'
Mono config path = 'D:/Unity/Versions/2021.3.25f1/Editor/Data/MonoBleedingEdge/etc'
Using monoOptions --debugger-agent=transport=dt_socket,embedding=1,server=y,suspend=n,address=127.0.0.1:56508
Begin MonoManager ReloadAssembly
Registering precompiled unity dll's ...
Register platform support module: D:/Unity/Versions/2021.3.25f1/Editor/Data/PlaybackEngines/WebGLSupport/UnityEditor.WebGL.Extensions.dll
Register platform support module: D:/Unity/Versions/2021.3.25f1/Editor/Data/PlaybackEngines/AndroidPlayer/UnityEditor.Android.Extensions.dll
Register platform support module: D:/Unity/Versions/2021.3.25f1/Editor/Data/PlaybackEngines/iOSSupport/UnityEditor.iOS.Extensions.dll
Register platform support module: D:/Unity/Versions/2021.3.25f1/Editor/Data/PlaybackEngines/WindowsStandaloneSupport/UnityEditor.WindowsStandalone.Extensions.dll
Registered in 0.005975 seconds.
Native extension for WindowsStandalone target not found
[usbmuxd] Start listen thread
[usbmuxd] Listen thread started
Native extension for iOS target not found
Native extension for Android target not found
Android Extension - Scanning For ADB Devices 300 ms
Native extension for WebGL target not found
Refreshing native plugins compatible for Editor in 83.50 ms, found 3 plugins.
Preloading 0 native plugins for Editor in 0.00 ms.
Mono: successfully reloaded assembly
- Completed reload, in  0.989 seconds
Domain Reload Profiling:
	ReloadAssembly (990ms)
		BeginReloadAssembly (93ms)
			ExecutionOrderSort (0ms)
			DisableScriptedObjects (0ms)
			BackupInstance (0ms)
			ReleaseScriptingObjects (0ms)
			CreateAndSetChildDomain (1ms)
		EndReloadAssembly (806ms)
			LoadAssemblies (94ms)
			RebuildTransferFunctionScriptingTraits (0ms)
			SetupTypeCache (103ms)
			ReleaseScriptCaches (0ms)
			RebuildScriptCaches (26ms)
			SetupLoadedEditorAssemblies (629ms)
				LogAssemblyErrors (0ms)
				InitializePlatformSupportModulesInManaged (415ms)
				SetLoadedEditorAssemblies (0ms)
				RefreshPlugins (84ms)
				BeforeProcessingInitializeOnLoad (1ms)
				ProcessInitializeOnLoadAttributes (84ms)
				ProcessInitializeOnLoadMethodAttributes (44ms)
				AfterProcessingInitializeOnLoad (0ms)
				EditorAssembliesLoaded (0ms)
			ExecutionOrderSort2 (0ms)
			AwakeInstancesAfterBackupRestoration (0ms)
Platform modules already initialized, skipping
Registering precompiled user dll's ...
Registered in 0.006417 seconds.
Begin MonoManager ReloadAssembly
Symbol file LoadedFromMemory doesn't match image C:\Users\benja\OneDrive\Documents\GitHub\caliPortfolio\Portfolio\Library\PackageCache\com.unity.visualscripting@1.8.0\Editor\VisualScripting.Core\Dependencies\YamlDotNet\Unity.VisualScripting.YamlDotNet.dll
Symbol file LoadedFromMemory doesn't match image C:\Users\benja\OneDrive\Documents\GitHub\caliPortfolio\Portfolio\Library\PackageCache\com.unity.visualscripting@1.8.0\Editor\VisualScripting.Core\Dependencies\DotNetZip\Unity.VisualScripting.IonicZip.dll
Native extension for WindowsStandalone target not found
Native extension for iOS target not found
Native extension for Android target not found
Native extension for WebGL target not found
Refreshing native plugins compatible for Editor in 0.69 ms, found 3 plugins.
Preloading 0 native plugins for Editor in 0.00 ms.
Mono: successfully reloaded assembly
- Completed reload, in  0.970 seconds
Domain Reload Profiling:
	ReloadAssembly (971ms)
		BeginReloadAssembly (128ms)
			ExecutionOrderSort (0ms)
			DisableScriptedObjects (6ms)
			BackupInstance (0ms)
			ReleaseScriptingObjects (0ms)
			CreateAndSetChildDomain (21ms)
		EndReloadAssembly (742ms)
			LoadAssemblies (101ms)
			RebuildTransferFunctionScriptingTraits (0ms)
			SetupTypeCache (249ms)
			ReleaseScriptCaches (1ms)
			RebuildScriptCaches (45ms)
			SetupLoadedEditorAssemblies (315ms)
				LogAssemblyErrors (0ms)
				InitializePlatformSupportModulesInManaged (28ms)
				SetLoadedEditorAssemblies (0ms)
				RefreshPlugins (1ms)
				BeforeProcessingInitializeOnLoad (72ms)
				ProcessInitializeOnLoadAttributes (194ms)
				ProcessInitializeOnLoadMethodAttributes (17ms)
				AfterProcessingInitializeOnLoad (3ms)
				EditorAssembliesLoaded (0ms)
			ExecutionOrderSort2 (0ms)
			AwakeInstancesAfterBackupRestoration (6ms)
Platform modules already initialized, skipping
========================================================================
Worker process is ready to serve import requests
Launched and connected shader compiler UnityShaderCompiler.exe after 0.05 seconds
Refreshing native plugins compatible for Editor in 0.56 ms, found 3 plugins.
Preloading 0 native plugins for Editor in 0.00 ms.
Unloading 3076 Unused Serialized files (Serialized files now loaded: 0)
Unloading 24 unused Assets / (49.3 MB). Loaded Objects now: 3545.
Memory consumption went from 117.0 MB to 67.7 MB.
Total: 4.923600 ms (FindLiveObjects: 0.293300 ms CreateObjectMapping: 0.118100 ms MarkObjects: 4.359000 ms  DeleteObjects: 0.152200 ms)

AssetImportParameters requested are different than current active one (requested -> active):
  custom:video-decoder-ogg-theora: a1e56fd34408186e4bbccfd4996cb3dc -> 
  custom:container-muxer-webm: aa71ff27fc2769a1b78a27578f13a17b -> 
  custom:container-demuxer-webm: 4f35f7cbe854078d1ac9338744f61a02 -> 
  custom:video-encoder-webm-vp8: eb34c28f22e8b96e1ab97ce403110664 -> 
  custom:audio-encoder-webm-vorbis: bf7c407c2cedff20999df2af8eb42d56 -> 
  custom:framework-win-MediaFoundation: 216162199b28c13a410421893ffa2e32 -> 
  custom:container-demuxer-ogg: 62fdf1f143b41e24485cea50d1cbac27 -> 
  custom:video-decoder-webm-vp8: 9c59270c3fd7afecdb556c50c9e8de78 -> 
  custom:audio-decoder-ogg-vorbis: bf7c407c2cedff20999df2af8eb42d56 -> 
========================================================================
Received Import Request.
  Time since last request: 1390163.448196 seconds.
  path: Assets/UI Assets/png/Panel/Window/Medium.png
  artifactKey: Guid(e09d9fae35da4534fbf8901227f24665) Importer(815301076,1909f56bfc062723c751e8b465ee728b)
Start importing Assets/UI Assets/png/Panel/Window/Medium.png using Guid(e09d9fae35da4534fbf8901227f24665) Importer(815301076,1909f56bfc062723c751e8b465ee728b)  -> (artifact id: '89c09fa3001ce161506224afe4d1333a') in 0.087420 seconds 
========================================================================
Received Import Request.
  Time since last request: 1.852226 seconds.
  path: Assets/UI Assets/png/Panel/Body/Headless.png
  artifactKey: Guid(40bdedb17d849514da87375b761a565f) Importer(815301076,1909f56bfc062723c751e8b465ee728b)
Start importing Assets/UI Assets/png/Panel/Body/Headless.png using Guid(40bdedb17d849514da87375b761a565f) Importer(815301076,1909f56bfc062723c751e8b465ee728b)  -> (artifact id: '954662faefbbfdca70ec5dfe29c46501') in 0.017827 seconds 
========================================================================
Received Import Request.
  Time since last request: 3.703160 seconds.
  path: Assets/UI Assets/png/Star/Small/Unactive.png
  artifactKey: Guid(0e6f3225be6d5a94aae7419323b7803d) Importer(815301076,1909f56bfc062723c751e8b465ee728b)
Start importing Assets/UI Assets/png/Star/Small/Unactive.png using Guid(0e6f3225be6d5a94aae7419323b7803d) Importer(815301076,1909f56bfc062723c751e8b465ee728b)  -> (artifact id: '13e3d8c2064b629c6e906e301756a60b') in 0.069497 seconds 
========================================================================
Received Import Request.
  Time since last request: 4.388874 seconds.
  path: Assets/UI Assets/png/Buttons/Rect-Medium/PlayIcon/Hover.png
  artifactKey: Guid(d06b06bb04eec3d4fb24826e08422655) Importer(815301076,1909f56bfc062723c751e8b465ee728b)
Start importing Assets/UI Assets/png/Buttons/Rect-Medium/PlayIcon/Hover.png using Guid(d06b06bb04eec3d4fb24826e08422655) Importer(815301076,1909f56bfc062723c751e8b465ee728b)  -> (artifact id: '954fbcb11294cc25376deb03ef2ea9b9') in 0.017385 seconds 
========================================================================
Received Import Request.
  Time since last request: 1.499309 seconds.
  path: Assets/UI Assets/png/Buttons/Rect-Medium/PlayText/Hover.png
  artifactKey: Guid(e63679767f6702f4b97996b37419dcb2) Importer(815301076,1909f56bfc062723c751e8b465ee728b)
Start importing Assets/UI Assets/png/Buttons/Rect-Medium/PlayText/Hover.png using Guid(e63679767f6702f4b97996b37419dcb2) Importer(815301076,1909f56bfc062723c751e8b465ee728b)  -> (artifact id: '589ff03e99b48393e8edd199fa13a8d3') in 0.016996 seconds 
========================================================================
Received Import Request.
  Time since last request: 5.990419 seconds.
  path: Assets/UI Assets/png/Buttons/Square-Medium/Home/Hover.png
  artifactKey: Guid(e3b65ac84acef7743a35987ee9a6b64c) Importer(815301076,1909f56bfc062723c751e8b465ee728b)
Start importing Assets/UI Assets/png/Buttons/Square-Medium/Home/Hover.png using Guid(e3b65ac84acef7743a35987ee9a6b64c) Importer(815301076,1909f56bfc062723c751e8b465ee728b)  -> (artifact id: '5a1f46cc18eb52bc949adfcad709f879') in 0.021225 seconds 
========================================================================
Received Import Request.
  Time since last request: 1.801002 seconds.
  path: Assets/UI Assets/png/Buttons/Square-Medium/ArrowRight/Hover.png
  artifactKey: Guid(bb324635084c5dc448bcfaa0e87643ce) Importer(815301076,1909f56bfc062723c751e8b465ee728b)
Start importing Assets/UI Assets/png/Buttons/Square-Medium/ArrowRight/Hover.png using Guid(bb324635084c5dc448bcfaa0e87643ce) Importer(815301076,1909f56bfc062723c751e8b465ee728b)  -> (artifact id: '3c47571f103c9a5c9172f0ee03b0aab5') in 0.026482 seconds 
========================================================================
Received Import Request.
  Time since last request: 1.720988 seconds.
  path: Assets/UI Assets/png/Buttons/Square-Medium/ArrowLeft/Hover.png
  artifactKey: Guid(96bedd770861918449072ad45ded57e1) Importer(815301076,1909f56bfc062723c751e8b465ee728b)
Start importing Assets/UI Assets/png/Buttons/Square-Medium/ArrowLeft/Hover.png using Guid(96bedd770861918449072ad45ded57e1) Importer(815301076,1909f56bfc062723c751e8b465ee728b)  -> (artifact id: '662a9ca21ecaf132d2a2e573ad7960ad') in 0.052405 seconds 
========================================================================
Received Import Request.
  Time since last request: 1.274810 seconds.
  path: Assets/UI Assets/png/Buttons/Square-Medium/Pause/Hover.png
  artifactKey: Guid(7728c8b152af2494ba9b57be3d75ae9d) Importer(815301076,1909f56bfc062723c751e8b465ee728b)
Start importing Assets/UI Assets/png/Buttons/Square-Medium/Pause/Hover.png using Guid(7728c8b152af2494ba9b57be3d75ae9d) Importer(815301076,1909f56bfc062723c751e8b465ee728b)  -> (artifact id: '5b1ae610aedd6b4399400e8d279fa93f') in 0.016473 seconds 
========================================================================
Received Import Request.
  Time since last request: 1.703370 seconds.
  path: Assets/UI Assets/png/Buttons/Square-Medium/Repeat/Hover.png
  artifactKey: Guid(abdcc08f550a09b4bae1c496cc6a44c0) Importer(815301076,1909f56bfc062723c751e8b465ee728b)
Start importing Assets/UI Assets/png/Buttons/Square-Medium/Repeat/Hover.png using Guid(abdcc08f550a09b4bae1c496cc6a44c0) Importer(815301076,1909f56bfc062723c751e8b465ee728b)  -> (artifact id: '347330cc4e89d0659c51e3e2c3b32869') in 0.021025 seconds 
========================================================================
Received Import Request.
  Time since last request: 1.199471 seconds.
  path: Assets/UI Assets/png/Buttons/Square-Medium/Play/Hover.png
  artifactKey: Guid(836ba539cb7caca489650a6646b593ee) Importer(815301076,1909f56bfc062723c751e8b465ee728b)
Start importing Assets/UI Assets/png/Buttons/Square-Medium/Play/Hover.png using Guid(836ba539cb7caca489650a6646b593ee) Importer(815301076,1909f56bfc062723c751e8b465ee728b)  -> (artifact id: 'd49264cd8045fd9d6406538ca8df8261') in 0.017148 seconds 
========================================================================
Received Import Request.
  Time since last request: 2.326742 seconds.
  path: Assets/UI Assets/png/Buttons/Square-Medium/SoundOff/Hover.png
  artifactKey: Guid(9e7e7f33d211002418932709014ee28f) Importer(815301076,1909f56bfc062723c751e8b465ee728b)
Start importing Assets/UI Assets/png/Buttons/Square-Medium/SoundOff/Hover.png using Guid(9e7e7f33d211002418932709014ee28f) Importer(815301076,1909f56bfc062723c751e8b465ee728b)  -> (artifact id: 'cc42ad6a8616658f1e6172193b48b240') in 0.016735 seconds 
========================================================================
Received Import Request.
  Time since last request: 1.331818 seconds.
  path: Assets/UI Assets/png/Buttons/Square-Medium/SoundOn/Hover.png
  artifactKey: Guid(bd09836f16b579949be4db49df4beaa7) Importer(815301076,1909f56bfc062723c751e8b465ee728b)
Start importing Assets/UI Assets/png/Buttons/Square-Medium/SoundOn/Hover.png using Guid(bd09836f16b579949be4db49df4beaa7) Importer(815301076,1909f56bfc062723c751e8b465ee728b)  -> (artifact id: '4f4104b7448c3f5963275d3fcc465a68') in 0.015622 seconds 
========================================================================
Received Import Request.
  Time since last request: 35.239243 seconds.
  path: Assets/_Heathen Engineering/Assets/Common/Images/Heathen Corporate/Heathen Logo With FullName.png
  artifactKey: Guid(cf617b713155f6941bab066aab8710ef) Importer(815301076,1909f56bfc062723c751e8b465ee728b)
Start importing Assets/_Heathen Engineering/Assets/Common/Images/Heathen Corporate/Heathen Logo With FullName.png using Guid(cf617b713155f6941bab066aab8710ef) Importer(815301076,1909f56bfc062723c751e8b465ee728b)  -> (artifact id: 'ce77c246780458176cbccb327aa2d2f4') in 0.059536 seconds 
Editor requested this worker to shutdown with reason: Scaling down because of idle timeout
AssetImportWorker is now disconnected from the server
Process exiting
Exiting without the bug reporter. Application will terminate with return code 0